TN:
SF:/home/sebarf96/Desktop/tarea1/src/filter.js
FN:8,(anonymous_0)
FNF:1
FNH:1
FNDA:3,(anonymous_0)
DA:1,1
DA:2,1
DA:4,1
DA:6,1
DA:8,1
DA:9,3
DA:10,0
DA:11,0
DA:13,1
LF:9
LH:7
BRF:0
BRH:0
end_of_record
TN:
SF:/home/sebarf96/Desktop/tarea1/src/getInfo.js
FN:3,(anonymous_0)
FNF:1
FNH:1
FNDA:1,(anonymous_0)
DA:1,1
DA:3,1
DA:4,1
DA:7,1
DA:8,1
DA:13,1
LF:6
LH:6
BRF:0
BRH:0
end_of_record
TN:
SF:/home/sebarf96/Desktop/tarea1/src/getalldata.js
FN:3,(anonymous_0)
FNF:1
FNH:1
FNDA:1,(anonymous_0)
DA:1,1
DA:3,1
DA:5,1
DA:6,1
DA:7,1
DA:8,4
DA:11,4
DA:14,4
DA:15,4
DA:18,1
DA:23,1
LF:11
LH:11
BRF:0
BRH:0
end_of_record
